$ docusaurus start --locale de
[INFO] Starting the development server...
[ERROR] Sidebars file at "/Users/h.pohl/Documents/Docusaurus/docs/versioned_sidebars/version-4.0-sidebars.json" failed to be loaded.
[ERROR] Loading of version failed for version 4.0

[ERROR] Error: Can't find any doc with ID desktop-client-overview.
Available doc IDs:
- user/admin/app-tokens
- user/admin/settings
- user/admin/web-dav
- user/android-app/files-and-folders/create-rename-move
- user/android-app/files-and-folders/upload-make-available-offline
- user/android-app/general/installation
- user/android-app/general/overview/account-fileslist
- user/android-app/general/overview/account-overview
- user/android-app/general/set-up
- user/android-app/general/settings
- user/android-app/index
- user/android-app/search
- user/android-app/shares/invite
- user/android-app/shares/links
- user/android-app/shortcuts
- user/android-app/spaces
- user/collabora
- user/common-issues
- user/desktop-client/common-functionality/file-conflicts
- user/desktop-client/common-functionality/desktop-client-states
- user/desktop-client/common-functionality/file-names
- user/desktop-client/common-functionality/logging
- user/desktop-client/common-functionality/multiple-accounts
- user/desktop-client/index
- user/desktop-client/linux/installation
- user/desktop-client/linux/set-up
- user/desktop-client/linux/settings
- user/desktop-client/linux/sync-settings-linux
- user/desktop-client/macos/installation
- user/desktop-client/macos/set-up
- user/desktop-client/macos/settings
- user/desktop-client/macos/sync-settings-mac
- user/desktop-client/windows/installation
- user/desktop-client/windows/set-up
- user/desktop-client/windows/settings
- user/desktop-client/windows/sync-settings-win
- user/files-and-folders/activities
- user/files-and-folders/create-rename-move
- user/files-and-folders/delete-restore
- user/files-and-folders/search
- user/files-and-folders/shourtcut
- user/files-and-folders/tags
- user/files-and-folders/upload-download-unzip
- user/files-and-folders/versions
- user/general/settings
- user/general/customization-file-list
- user/general/index
- user/general/overview
- user/general/view-modes
- user/index
- user/ios-app/files-and-folders/create-rename-move
- user/ios-app/files-and-folders/ios-files-and-folders-overview
- user/ios-app/files-and-folders/upload-make-available-offline
- user/ios-app/general/ios-general-overview
- user/ios-app/general/installation
- user/ios-app/general/overview/account-fileslist
- user/ios-app/general/overview/account-overview
- user/ios-app/general/overview/ios-overview
- user/ios-app/general/set-up
- user/ios-app/general/settings/acknowledgements
- user/ios-app/general/settings/app-version
- user/ios-app/general/settings/auto-upload-photos-and-videos
- user/ios-app/general/settings/cellular-data-usage
- user/ios-app/general/settings/delete-unused-local-copies
- user/ios-app/general/settings/help-and-contact
- user/ios-app/general/settings/index
- user/ios-app/general/settings/logging
- user/ios-app/general/settings/privacy-policy
- user/ios-app/general/settings/recommend-to-a-friend
- user/ios-app/general/settings/search-settings
- user/ios-app/general/settings/terms-of-use
- user/ios-app/general/settings/theme
- user/ios-app/index
- user/ios-app/search
- user/ios-app/shares/ios-shares-overview
- user/ios-app/shares/invite
- user/ios-app/shares/links
- user/ios-app/shortcuts
- user/ios-app/spaces
- user/roles/share-roles
- user/roles/space-roles
- user/roles/user-roles
- user/sharing/external
- user/sharing/file-drop
- user/sharing/internal
- user/spaces/add-members
- user/spaces/create
- user/spaces/customize
- user/spaces/delete
- user/spaces/disable-enable
- user/spaces/space-quota
- user/spaces/rename
- user/spaces/best-practice
- user/spaces/why-spaces
- admin/configuration/authentication-and-user-management/external-idp
- admin/configuration/authentication-and-user-management/index
- admin/configuration/authentication-and-user-management/keycloak-user
- admin/configuration/authentication-and-user-management/keycloak
- admin/configuration/collabora
- admin/configuration/collabora/collabora
- admin/configuration/frontend-check-updates
- admin/configuration/admin-configuration
- admin/configuration/logging
- admin/configuration/mail-notifications
- admin/configuration/radicale-integration
- admin/configuration/remove-password-from-link
- admin/configuration/default-user-quota
- admin/configuration/storage/storage-cephfs
- admin/configuration/storage/storage-decomposeds3
- admin/configuration/storage/storage
- admin/configuration/storage/storage-posix
- admin/configuration/web-applications
- admin/datasheet
- admin/features
- admin/getting-started/container/docker-compose/docker-compose-base
- admin/getting-started/container/docker-compose/external-proxy
- admin/getting-started/container/docker-compose/docker-compose-overview
- admin/getting-started/container/docker-compose/keycloak
- admin/getting-started/container/docker-compose/production-setup-consideration
- admin/getting-started/container/docker-compose/verify-SSL-certification
- admin/getting-started/container/docker-compose/docker-compose-volume-permissions
- admin/getting-started/container/docker
- admin/getting-started/container/admin-getting-started-container
- admin/getting-started/admin-getting-started
- admin/getting-started/other/bare-metal
- admin/getting-started/other/admin-getting-started-other
- admin/getting-started/other/raspberry-pi
- admin/getting-started/requirements
- admin/index
- admin/maintenance/backup
- admin/maintenance/dataexport
- admin/maintenance/admin-maintenance
- admin/maintenance/migrate
- admin/maintenance/uninstall
- admin/maintenance/upgrade/upgrade
- admin/maintenance/upgrade/release-notes
- admin/maintenance/upgrade/upgrade-4.0.x
- admin/maintenance/upgrade/upgrade-guide
- admin/resources/common-issues
- admin/resources/demo-user
- admin/resources/faq
- admin/resources/admin-resources
- admin/resources/lifecycle
- admin/resources/whats-new
- dev/cdperf
- dev/index
- dev/server/apis/grpc_apis/index
- dev/server/apis/http/authorization
- dev/server/apis/http/graph/groups
- dev/server/apis/http/graph/index
- dev/server/apis/http/graph/permissions
- dev/server/apis/http/graph/role
- dev/server/apis/http/graph/spaces
- dev/server/apis/http/graph/users
- dev/server/apis/http/index
- dev/server/apis/http/tus_upload
- dev/server/apis/http/webdav/index
- dev/server/apis/index
- dev/server/configuration/config-system
- dev/server/configuration/global-envvars
- dev/server/configuration/index
- dev/server/index
- dev/server/services/activitylog/activitylog-envvars
- dev/server/services/activitylog/activitylog-example
- dev/server/services/activitylog/index
- dev/server/services/activitylog/activitylog-info
- dev/server/services/antivirus/antivirus-envvars
- dev/server/services/antivirus/antivirus-example
- dev/server/services/antivirus/index
- dev/server/services/antivirus/antivirus-info
- dev/server/services/app-provider/app-provider-envvars
- dev/server/services/app-provider/app-provider-example
- dev/server/services/app-provider/index
- dev/server/services/app-registry/app-registry-envvars
- dev/server/services/app-registry/app-registry-example
- dev/server/services/app-registry/index
- dev/server/services/app-registry/app-registry-info
- dev/server/services/audit/audit-envvars
- dev/server/services/audit/audit-example
- dev/server/services/audit/index
- dev/server/services/audit/audit-info
- dev/server/services/auth-app/auth-app-envvars
- dev/server/services/auth-app/auth-app-example
- dev/server/services/auth-app/index
- dev/server/services/auth-app/auth-app-info
- dev/server/services/auth-basic/auth-basic-envvars
- dev/server/services/auth-basic/auth-basic-example
- dev/server/services/auth-basic/index
- dev/server/services/auth-basic/auth-basic-info
- dev/server/services/auth-bearer/auth-bearer-envvars
- dev/server/services/auth-bearer/auth-bearer-example
- dev/server/services/auth-bearer/index
- dev/server/services/auth-bearer/auth-bearer-info
- dev/server/services/auth-machine/auth-machine-envvars
- dev/server/services/auth-machine/auth-machine-example
- dev/server/services/auth-machine/index
- dev/server/services/auth-machine/auth-machine-info
- dev/server/services/auth-service/auth-service-envvars
- dev/server/services/auth-service/auth-service-example
- dev/server/services/auth-service/index
- dev/server/services/auth-service/auth-service-info
- dev/server/services/clientlog/clientlog-envvars
- dev/server/services/clientlog/clientlog-example
- dev/server/services/clientlog/index
- dev/server/services/clientlog/clientlog-info
- dev/server/services/collaboration/collaboration-envvars
- dev/server/services/collaboration/collaboration-example
- dev/server/services/collaboration/index
- dev/server/services/collaboration/collaboration-info
- dev/server/services/eventhistory/eventhistory-envvars
- dev/server/services/eventhistory/eventhistory-example
- dev/server/services/eventhistory/index
- dev/server/services/eventhistory/eventhistory-info
- dev/server/services/frontend/frontend-envvars
- dev/server/services/frontend/frontend-example
- dev/server/services/frontend/index
- dev/server/services/frontend/frontend-info
- dev/server/services/gateway/gateway-envvars
- dev/server/services/gateway/gateway-example
- dev/server/services/gateway/index
- dev/server/services/gateway/gateway-info
- dev/server/services/graph/graph-envvars
- dev/server/services/graph/graph-example
- dev/server/services/graph/index
- dev/server/services/graph/graph-info
- dev/server/services/groups/groups-envvars
- dev/server/services/groups/groups-example
- dev/server/services/groups/index
- dev/server/services/idm/idm-envvars
- dev/server/services/idm/idm-example
- dev/server/services/idm/index
- dev/server/services/idm/idm-info
- dev/server/services/idp/idp-envvars
- dev/server/services/idp/idp-example
- dev/server/services/idp/index
- dev/server/services/idp/idp-info
- dev/server/services/invitations/invitations-envvars
- dev/server/services/invitations/invitations-example
- dev/server/services/invitations/index
- dev/server/services/invitations/invitations-info
- dev/server/services/nats/nats-envvars
- dev/server/services/nats/nats-example
- dev/server/services/nats/index
- dev/server/services/nats/nats-info
- dev/server/services/notifications/notifications-envvars
- dev/server/services/notifications/notifications-example
- dev/server/services/notifications/index
- dev/server/services/notifications/notifications-info
- dev/server/services/ocdav/ocdav-envvars
- dev/server/services/ocdav/ocdav-example
- dev/server/services/ocdav/index
- dev/server/services/ocdav/ocdav-info
- dev/server/services/ocm/create-share-flow
- dev/server/services/ocm/ocm-envvars
- dev/server/services/ocm/ocm-example
- dev/server/services/ocm/index
- dev/server/services/ocm/ocm-info
- dev/server/services/ocm/invitation-flow
- dev/server/services/ocs/ocs-envvars
- dev/server/services/ocs/ocs-example
- dev/server/services/ocs/index
- dev/server/services/ocs/ocs-info
- dev/server/services/policies/policies-envvars
- dev/server/services/policies/policies-example
- dev/server/services/policies/index
- dev/server/services/policies/policies-info
- dev/server/services/postprocessing/postprocessing-envvars
- dev/server/services/postprocessing/postprocessing-example
- dev/server/services/postprocessing/index
- dev/server/services/postprocessing/postprocessing-info
- dev/server/services/proxy/proxy-envvars
- dev/server/services/proxy/proxy-example
- dev/server/services/proxy/index
- dev/server/services/proxy/proxy-info
- dev/server/services/search/search-envvars
- dev/server/services/search/search-example
- dev/server/services/search/index
- dev/server/services/search/search-info
- dev/server/services/settings/settings-envvars
- dev/server/services/settings/settings-example
- dev/server/services/settings/index
- dev/server/services/settings/settings-info
- dev/server/services/sharing/sharing-envvars
- dev/server/services/sharing/sharing-example
- dev/server/services/sharing/index
- dev/server/services/sse/sse-envvars
- dev/server/services/sse/sse-example
- dev/server/services/sse/index
- dev/server/services/sse/sse-info
- dev/server/services/storage-publiclink/storage-publiclink-envvars
- dev/server/services/storage-publiclink/storage-publiclink-example
- dev/server/services/storage-publiclink/index
- dev/server/services/storage-shares/storage-shares-envvars
- dev/server/services/storage-shares/storage-shares-example
- dev/server/services/storage-shares/index
- dev/server/services/storage-system/storage-system-envvars
- dev/server/services/storage-system/storage-system-example
- dev/server/services/storage-system/index
- dev/server/services/storage-system/storage-system-info
- dev/server/services/storage-users/storage-users-envvars
- dev/server/services/storage-users/storage-users-example
- dev/server/services/storage-users/index
- dev/server/services/storage-users/storage-users-info
- dev/server/services/thumbnails/thumbnails-envvars
- dev/server/services/thumbnails/thumbnails-example
- dev/server/services/thumbnails/index
- dev/server/services/thumbnails/thumbnails-info
- dev/server/services/userlog/userlog-envvars
- dev/server/services/userlog/userlog-example
- dev/server/services/userlog/index
- dev/server/services/userlog/userlog-info
- dev/server/services/users/users-envvars
- dev/server/services/users/users-example
- dev/server/services/users/index
- dev/server/services/web/web-envvars
- dev/server/services/web/web-example
- dev/server/services/web/index
- dev/server/services/web/web-info
- dev/server/services/webdav/webdav-envvars
- dev/server/services/webdav/webdav-example
- dev/server/services/webdav/index
- dev/server/services/webdav/webdav-info
- dev/server/services/webfinger/webfinger-envvars
- dev/server/services/webfinger/webfinger-example
- dev/server/services/webfinger/index
- dev/server/services/webfinger/webfinger-info
- dev/web/design-system
- dev/web/development/conventions
- dev/web/development/repo-structure
- dev/web/development/tooling
- dev/web/embed-mode
- dev/web/extension-system/extension-types/action-extensions
- dev/web/extension-system/extension-types/app-menu-item-extensions
- dev/web/extension-system/extension-types/custom-component-extensions
- dev/web/extension-system/extension-types/folder-view-extensions
- dev/web/extension-system/extension-types/index
- dev/web/extension-system/extension-types/left-sidebar-menu-item-extensions
- dev/web/extension-system/extension-types/right-sidebar-panel-extensions
- dev/web/extension-system/extension-types/search-extensions
- dev/web/extension-system/index
- dev/web/extension-system/viewer-editor-apps
- dev/web/getting-started
- dev/web/index
- dev/web/testing/e2e-testing-standards
- dev/web/testing/running-tests
- user/desktop-client/common-functionality/index
- user/desktop-client/linux/desktop-client-linux-overview
- user/desktop-client/linux/upgrade-linux
- user/desktop-client/macos/desktop-client-macos-overview
- user/desktop-client/macos/upgrade-macos
- user/desktop-client/windows/desktop-client-windows-overview
    at getDoc (/Users/h.pohl/Documents/Docusaurus/docs/node_modules/.pnpm/@docusaurus+plugin-content-docs@3.10.1_@mdx-js+react@3.1.1_@types+react@19.2.8_react@19_43a5cc08220886ca06467cbdb9b06def/node_modules/@docusaurus/plugin-content-docs/lib/sidebars/generator.js:30:19)
    at getCategoryLinkedDocMetadata (/Users/h.pohl/Documents/Docusaurus/docs/node_modules/.pnpm/@docusaurus+plugin-content-docs@3.10.1_@mdx-js+react@3.1.1_@types+react@19.2.8_react@19_43a5cc08220886ca06467cbdb9b06def/node_modules/@docusaurus/plugin-content-docs/lib/sidebars/generator.js:134:56)
    at createCategoryItem (/Users/h.pohl/Documents/Docusaurus/docs/node_modules/.pnpm/@docusaurus+plugin-content-docs@3.10.1_@mdx-js+react@3.1.1_@types+react@19.2.8_react@19_43a5cc08220886ca06467cbdb9b06def/node_modules/@docusaurus/plugin-content-docs/lib/sidebars/generator.js:149:39)
    at dirToItem (/Users/h.pohl/Documents/Docusaurus/docs/node_modules/.pnpm/@docusaurus+plugin-content-docs@3.10.1_@mdx-js+react@3.1.1_@types+react@19.2.8_react@19_43a5cc08220886ca06467cbdb9b06def/node_modules/@docusaurus/plugin-content-docs/lib/sidebars/generator.js:185:19)
    at /Users/h.pohl/Documents/Docusaurus/docs/node_modules/.pnpm/@docusaurus+plugin-content-docs@3.10.1_@mdx-js+react@3.1.1_@types+react@19.2.8_react@19_43a5cc08220886ca06467cbdb9b06def/node_modules/@docusaurus/plugin-content-docs/lib/sidebars/generator.js:188:64
    at Array.map (<anonymous>)
    at generateSidebar (/Users/h.pohl/Documents/Docusaurus/docs/node_modules/.pnpm/@docusaurus+plugin-content-docs@3.10.1_@mdx-js+react@3.1.1_@types+react@19.2.8_react@19_43a5cc08220886ca06467cbdb9b06def/node_modules/@docusaurus/plugin-content-docs/lib/sidebars/generator.js:188:40)
    at DefaultSidebarItemsGenerator (/Users/h.pohl/Documents/Docusaurus/docs/node_modules/.pnpm/@docusaurus+plugin-content-docs@3.10.1_@mdx-js+react@3.1.1_@types+react@19.2.8_react@19_43a5cc08220886ca06467cbdb9b06def/node_modules/@docusaurus/plugin-content-docs/lib/sidebars/generator.js:213:33)
    at processAutoGeneratedItem (/Users/h.pohl/Documents/Docusaurus/docs/node_modules/.pnpm/@docusaurus+plugin-content-docs@3.10.1_@mdx-js+react@3.1.1_@types+react@19.2.8_react@19_43a5cc08220886ca06467cbdb9b06def/node_modules/@docusaurus/plugin-content-docs/lib/sidebars/processor.js:39:38)
    at processItem (/Users/h.pohl/Documents/Docusaurus/docs/node_modules/.pnpm/@docusaurus+plugin-content-docs@3.10.1_@mdx-js+react@3.1.1_@types+react@19.2.8_react@19_43a5cc08220886ca06467cbdb9b06def/node_modules/@docusaurus/plugin-content-docs/lib/sidebars/processor.js:63:20)
[INFO] Docusaurus version: 3.10.1
Node version: v24.10.0
[ELIFECYCLE] Command failed with exit code 1.
